2025-11-18 13:50:49,419 - logger - INFO - Starting CAIP application...
2025-11-18 13:50:49,419 - db - INFO - Initializing database and creating tables if not present.
2025-11-18 13:50:49,419 - db - ERROR - Failed to initialize database: '_GeneratorContextManager' object does not support the asynchronous context manager protocol
Traceback (most recent call last):
  File "f:\Madhvik 05\Inextrix\Assignment\Project\app\db.py", line 25, in init_db
    async with engine.begin() as conn:
               ^^^^^^^^^^^^^^
TypeError: '_GeneratorContextManager' object does not support the asynchronous context manager protocol
2025-11-18 13:50:49,419 - logger - ERROR - Startup error: '_GeneratorContextManager' object does not support the asynchronous context manager protocol
Traceback (most recent call last):
  File "f:\Madhvik 05\Inextrix\Assignment\Project\app\main.py", line 15, in lifespan
    await init_db()
  File "f:\Madhvik 05\Inextrix\Assignment\Project\app\db.py", line 25, in init_db
    async with engine.begin() as conn:
               ^^^^^^^^^^^^^^
TypeError: '_GeneratorContextManager' object does not support the asynchronous context manager protocol
2025-11-18 13:50:49,427 - logger - INFO - CAIP application shutting down...
2025-11-18 17:09:55,696 - logger - INFO - Starting CAIP application...
2025-11-18 17:09:55,696 - db - INFO - Initializing database and creating tables if not present.
2025-11-18 17:09:56,284 - db - INFO - Database initialization complete.
2025-11-18 17:15:53,166 - logger - INFO - CAIP application shutting down...
2025-11-18 17:16:00,663 - logger - INFO - Starting CAIP application...
2025-11-18 17:16:00,663 - db - INFO - Initializing database and creating tables if not present.
2025-11-18 17:16:00,683 - db - INFO - Database initialization complete.
2025-11-18 17:16:43,923 - logger - INFO - CAIP application shutting down...
2025-11-18 17:16:49,305 - logger - INFO - Starting CAIP application...
2025-11-18 17:16:49,306 - db - INFO - Initializing database and creating tables if not present.
2025-11-18 17:16:49,315 - db - INFO - Database initialization complete.
2025-11-18 17:22:08,978 - logger - INFO - CAIP application shutting down...
2025-11-18 17:23:14,064 - logger - INFO - Starting CAIP application...
2025-11-18 17:23:14,064 - db - INFO - Initializing database and creating tables if not present.
2025-11-18 17:23:14,073 - db - INFO - Database initialization complete.
2025-11-18 17:27:41,733 - logger - INFO - CAIP application shutting down...
2025-11-18 17:28:04,004 - logger - INFO - Starting CAIP application...
2025-11-18 17:28:04,013 - db - INFO - Initializing database and creating tables if not present.
2025-11-18 17:28:04,024 - db - INFO - Database initialization complete.
2025-11-18 17:30:17,498 - logger - INFO - CAIP application shutting down...
2025-11-18 17:30:23,784 - logger - INFO - Starting CAIP application...
2025-11-18 17:30:23,784 - db - INFO - Initializing database and creating tables if not present.
2025-11-18 17:30:23,798 - db - INFO - Database initialization complete.
2025-11-18 17:35:52,753 - logger - INFO - CAIP application shutting down...
2025-11-18 17:35:58,775 - logger - INFO - Starting CAIP application...
2025-11-18 17:35:58,775 - db - INFO - Initializing database and creating tables if not present.
2025-11-18 17:35:58,783 - db - INFO - Database initialization complete.
2025-11-18 17:38:52,044 - logger - INFO - CAIP application shutting down...
